03 Jul. 23:56:06 CONFIG [geoserver.flow] - Control-flow inactive, there are no configured rules
03 Jul. 23:56:06 INFO   [geoserver.wms] - 
Request: getServiceInfo
03 Jul. 23:56:06 CONFIG [geoserver.flow] - Control-flow inactive, there are no configured rules
03 Jul. 23:56:06 INFO   [geoserver.wms] - 
Request: getMap
	Angle = 0.0
	BaseUrl = https://geoserver-temperatereefbase.imas.utas.edu.au/geoserver/
	Bbox = SRSEnvelope[146.7718505859375 : 146.77459716796875, -41.22344970703125 : -41.220703125]
	BgColor = java.awt.Color[r=255,g=255,b=255]
	Buffer = 0
	Clip = null
	CQLFilter = null
	Crs = GEOGCS["WGS 84", 
  DATUM["World Geodetic System 1984", 
    SPHEROID["WGS 84", 6378137.0, 298.257223563, AUTHORITY["EPSG","7030"]], 
    AUTHORITY["EPSG","6326"]], 
  PRIMEM["Greenwich", 0.0, AUTHORITY["EPSG","8901"]], 
  UNIT["degree", 0.017453292519943295], 
  AXIS["Geodetic longitude", EAST], 
  AXIS["Geodetic latitude", NORTH], 
  AUTHORITY["EPSG","4326"]]
	Elevation = []
	Env = {}
	Exceptions = SE_XML
	FeatureId = null
	FeatureVersion = null
	Filter = null
	Format = image/png
	FormatOptions = {}
	Get = true
	Height = 1024
	Interpolations = []
	Layers = [org.geoserver.wms.MapLayerInfo@b4c45fdb]
	MaxFeatures = null
	Palette = null
	RawKvp = {FORMAT=image/png, STYLES=line_red, WIDTH=1024, HEIGHT=1024, LAYERS=TRB:TG2021, EXCEPTIONS=SE_XML, GWC_SEED_INTERCEPT=true, REQUEST=GetMap, SRS=EPSG:4326, BBOX=146.7718505859375,-41.22344970703125,146.77459716796875,-41.220703125, VERSION=1.1.1, SERVICE=WMS, TRANSPARENT=true}
	RemoteOwsType = null
	RemoteOwsURL = null
	Request = GetMap
	RequestCharset = UTF-8
	ScaleMethod = null
	Sld = null
	SldBody = null
	SldVersion = null
	SortBy = null
	SortByArrays = null
	SRS = EPSG:4326
	StartIndex = null
	StyleBody = null
	StyleFormat = sld
	Styles = [StyleImpl[ name=line_red]]
	StyleUrl = null
	StyleVersion = null
	Tiled = false
	TilesOrigin = null
	Time = []
	Transparent = true
	ValidateSchema = false
	Version = 1.1.1
	ViewParams = null
	Width = 1024
03 Jul. 23:56:13 CONFIG [geoserver.flow] - Control-flow inactive, there are no configured rules
03 Jul. 23:56:27 CONFIG [geoserver.flow] - Control-flow inactive, there are no configured rules
03 Jul. 23:56:29 CONFIG [geoserver.flow] - Control-flow inactive, there are no configured rules
03 Jul. 23:56:41 CONFIG [geoserver.flow] - Control-flow inactive, there are no configured rules
03 Jul. 23:56:51 CONFIG [geoserver.flow] - Control-flow inactive, there are no configured rules
03 Jul. 23:56:52 CONFIG [geoserver.flow] - Control-flow inactive, there are no configured rules
03 Jul. 23:56:54 CONFIG [geoserver.flow] - Control-flow inactive, there are no configured rules
03 Jul. 23:56:57 CONFIG [geoserver.flow] - Control-flow inactive, there are no configured rules
03 Jul. 23:57:06 CONFIG [geoserver.flow] - Control-flow inactive, there are no configured rules
03 Jul. 23:57:08 CONFIG [geoserver.flow] - Control-flow inactive, there are no configured rules
03 Jul. 23:57:16 CONFIG [geoserver.flow] - Control-flow inactive, there are no configured rules
03 Jul. 23:57:22 CONFIG [geoserver.flow] - Control-flow inactive, there are no configured rules
03 Jul. 23:57:35 CONFIG [geoserver.flow] - Control-flow inactive, there are no configured rules
03 Jul. 23:57:41 CONFIG [geoserver.flow] - Control-flow inactive, there are no configured rules
03 Jul. 23:57:49 CONFIG [geoserver.flow] - Control-flow inactive, there are no configured rules
03 Jul. 23:57:52 CONFIG [geoserver.flow] - Control-flow inactive, there are no configured rules
03 Jul. 23:57:52 CONFIG [geoserver.flow] - Control-flow inactive, there are no configured rules
03 Jul. 23:57:59 CONFIG [geoserver.flow] - Control-flow inactive, there are no configured rules
03 Jul. 23:58:02 CONFIG [geoserver.flow] - Control-flow inactive, there are no configured rules
03 Jul. 23:58:05 CONFIG [geoserver.flow] - Control-flow inactive, there are no configured rules
03 Jul. 23:58:16 CONFIG [geoserver.flow] - Control-flow inactive, there are no configured rules
03 Jul. 23:58:30 CONFIG [geoserver.flow] - Control-flow inactive, there are no configured rules
03 Jul. 23:58:32 CONFIG [geoserver.flow] - Control-flow inactive, there are no configured rules
03 Jul. 23:58:35 CONFIG [geoserver.flow] - Control-flow inactive, there are no configured rules
03 Jul. 23:58:37 CONFIG [geoserver.flow] - Control-flow inactive, there are no configured rules
03 Jul. 23:58:43 CONFIG [geoserver.flow] - Control-flow inactive, there are no configured rules
03 Jul. 23:58:52 CONFIG [geoserver.flow] - Control-flow inactive, there are no configured rules
03 Jul. 23:58:53 CONFIG [geoserver.flow] - Control-flow inactive, there are no configured rules
03 Jul. 23:58:53 CONFIG [geoserver.flow] - Control-flow inactive, there are no configured rules
03 Jul. 23:58:54 CONFIG [geoserver.flow] - Control-flow inactive, there are no configured rules
03 Jul. 23:58:55 CONFIG [geoserver.flow] - Control-flow inactive, there are no configured rules
03 Jul. 23:58:57 CONFIG [geoserver.flow] - Control-flow inactive, there are no configured rules
03 Jul. 23:59:01 CONFIG [geoserver.flow] - Control-flow inactive, there are no configured rules
03 Jul. 23:59:04 CONFIG [geoserver.flow] - Control-flow inactive, there are no configured rules
03 Jul. 23:59:26 CONFIG [geoserver.flow] - Control-flow inactive, there are no configured rules
03 Jul. 23:59:28 CONFIG [geoserver.flow] - Control-flow inactive, there are no configured rules
03 Jul. 23:59:33 CONFIG [geoserver.flow] - Control-flow inactive, there are no configured rules
03 Jul. 23:59:36 CONFIG [geoserver.flow] - Control-flow inactive, there are no configured rules
03 Jul. 23:59:40 CONFIG [geoserver.flow] - Control-flow inactive, there are no configured rules
03 Jul. 23:59:44 CONFIG [geoserver.flow] - Control-flow inactive, there are no configured rules
03 Jul. 23:59:46 CONFIG [geoserver.flow] - Control-flow inactive, there are no configured rules
03 Jul. 23:59:52 CONFIG [geoserver.flow] - Control-flow inactive, there are no configured rules
